INFO:Main:__________________Program_started__________________
INFO:Main.WebcamVideoStream.init:Process get rtsp stream.
CRITICAL:Main.Move.init:Error with conect ONVIFCamera...
INFO:Main.Move.init:Check the correctness of the entered data in the setings.ini (ip,port,login, password or wsdl_path)
CRITICAL:Main.Move.init:Error in Move.__init__
ERROR:Main.Move.init:Error!
Traceback (most recent call last):
  File "/home/ubuntu/MM.Tracker/classes/Move2.py", line 45, in __init__
    sys.exit(0)
SystemExit: 0
/home/ubuntu/MM.Tracker/wsdl/
INFO:Main:__________________Program_started__________________
INFO:Main.WebcamVideoStream.init:Process get rtsp stream.
INFO:Main.Move.init:Successful conection ONVIFCamera
INFO:Main.WebcamVideoStream.start:Process starting
INFO:Main.WebcamVideoStream.update:Process started
INFO:Main.Tensor.start:Process starting
INFO:Main.Move.start:Process starting
INFO:Main.Tensor.update:Process started
2019-05-17 14:56:56.373675: I tensorflow/core/platform/cpu_feature_guard.cc:137] Your CPU supports instructions that this TensorFlow binary was not compiled to use: SSE4.1 SSE4.2 AVX
INFO:Main.Move.update:Process started
INFO:Main.Ping.start:Process starting
INFO:Main.Ping.start:Process started
INFO:Main:__________________Program_started__________________
INFO:Main.WebcamVideoStream.init:Process get rtsp stream.
INFO:Main.Move.init:Successful conection ONVIFCamera
INFO:Main.WebcamVideoStream.start:Process starting
INFO:Main.WebcamVideoStream.update:Process started
INFO:Main.Tensor.start:Process starting
INFO:Main.Tensor.update:Process started
INFO:Main.Move.start:Process starting
2019-05-17 15:02:04.471930: I tensorflow/core/platform/cpu_feature_guard.cc:137] Your CPU supports instructions that this TensorFlow binary was not compiled to use: SSE4.1 SSE4.2 AVX
INFO:Main.Move.update:Process started
INFO:Main.Ping.start:Process starting
INFO:Main.Ping.start:Process started
WARNING:Main:Camera conection lost. Reconnect...
INFO:Main.WebcamVideoStream.update:WebcamVideoStream stopped
INFO:Main.WebcamVideoStream.init:Process get rtsp stream.
INFO:Main.WebcamVideoStream.start:Process starting
INFO:Main.WebcamVideoStream.update:Process started
INFO:Main:Camera conection restored.
WARNING:Main:Camera conection lost. Reconnect...
INFO:Main.WebcamVideoStream.update:WebcamVideoStream stopped
INFO:Main.WebcamVideoStream.init:Process get rtsp stream.
INFO:Main.WebcamVideoStream.start:Process starting
INFO:Main.WebcamVideoStream.update:Process started
INFO:Main:Camera conection restored.
INFO:Main:__________________Program_started__________________
INFO:Main.WebcamVideoStream.init:Process get rtsp stream.
INFO:Main.Move.init:Successful conection ONVIFCamera
INFO:Main.WebcamVideoStream.start:Process starting
INFO:Main.WebcamVideoStream.update:Process started
INFO:Main.Tensor.start:Process starting
INFO:Main.Tensor.update:Process started
INFO:Main.Move.start:Process starting
2019-05-17 15:11:23.056659: I tensorflow/core/platform/cpu_feature_guard.cc:137] Your CPU supports instructions that this TensorFlow binary was not compiled to use: SSE4.1 SSE4.2 AVX
INFO:Main.Move.update:Process started
INFO:Main.Ping.start:Process starting
INFO:Main.Ping.start:Process started
WARNING:Main:Camera conection lost. Reconnect...
INFO:Main.WebcamVideoStream.update:WebcamVideoStream stopped
INFO:Main.WebcamVideoStream.init:Process get rtsp stream.
INFO:Main.WebcamVideoStream.start:Process starting
INFO:Main.WebcamVideoStream.update:Process started
INFO:Main:Camera conection restored.
INFO:Main:__________________Program_started__________________
INFO:Main.WebcamVideoStream.init:Process get rtsp stream.
INFO:Main.Move.init:Successful conection ONVIFCamera
INFO:Main.WebcamVideoStream.start:Process starting
INFO:Main.WebcamVideoStream.update:Process started
INFO:Main.Tensor.start:Process starting
INFO:Main.Tensor.update:Process started
INFO:Main.Move.start:Process starting
2019-05-17 15:22:15.627391: I tensorflow/core/platform/cpu_feature_guard.cc:137] Your CPU supports instructions that this TensorFlow binary was not compiled to use: SSE4.1 SSE4.2 AVX
INFO:Main.Move.update:Process started
INFO:Main.Ping.start:Process starting
INFO:Main.Ping.start:Process started
INFO:Main:__________________Program_started__________________
INFO:Main.WebcamVideoStream.init:Process get rtsp stream.
INFO:Main.Move.init:Successful conection ONVIFCamera
INFO:Main.WebcamVideoStream.start:Process starting
INFO:Main.WebcamVideoStream.update:Process started
INFO:Main.Tensor.start:Process starting
INFO:Main.Tensor.update:Process started
INFO:Main.Move.start:Process starting
2019-05-17 15:23:09.234001: I tensorflow/core/platform/cpu_feature_guard.cc:137] Your CPU supports instructions that this TensorFlow binary was not compiled to use: SSE4.1 SSE4.2 AVX
INFO:Main.Move.update:Process started
INFO:Main.Ping.start:Process starting
INFO:Main.Ping.start:Process started
WARNING:Main:Camera conection lost. Reconnect...
INFO:Main.WebcamVideoStream.update:WebcamVideoStream stopped
INFO:Main.WebcamVideoStream.init:Process get rtsp stream.
INFO:Main.WebcamVideoStream.start:Process starting
INFO:Main.WebcamVideoStream.update:Process started
INFO:Main:Camera conection restored.
WARNING:Main:Camera conection lost. Reconnect...
INFO:Main.WebcamVideoStream.update:WebcamVideoStream stopped
INFO:Main.WebcamVideoStream.init:Process get rtsp stream.
INFO:Main.WebcamVideoStream.start:Process starting
INFO:Main.WebcamVideoStream.update:Process started
INFO:Main:Camera conection restored.
INFO:Main:__________________Program_started__________________
INFO:Main.WebcamVideoStream.init:Process get rtsp stream.
INFO:Main.Move.init:Successful conection ONVIFCamera
INFO:Main.WebcamVideoStream.start:Process starting
INFO:Main.WebcamVideoStream.update:Process started
INFO:Main.Tensor.start:Process starting
INFO:Main.Tensor.update:Process started
INFO:Main.Move.start:Process starting
2019-05-17 15:26:34.882639: I tensorflow/core/platform/cpu_feature_guard.cc:137] Your CPU supports instructions that this TensorFlow binary was not compiled to use: SSE4.1 SSE4.2 AVX
INFO:Main.Move.update:Process started
INFO:Main.Ping.start:Process starting
INFO:Main.Ping.start:Process started
WARNING:Main:Camera conection lost. Reconnect...
INFO:Main.WebcamVideoStream.update:WebcamVideoStream stopped
INFO:Main.WebcamVideoStream.init:Process get rtsp stream.
INFO:Main.WebcamVideoStream.start:Process starting
INFO:Main.WebcamVideoStream.update:Process started
INFO:Main:Camera conection restored.
