Determining if the pthread_create exist failed with the following output:
Change Dir: /home/jetson/ptz-tracker/ORB_SLAM2/orb_module/CMakeFiles/CMakeTmp

Run Build Command:"/usr/bin/make" "cmTC_c0a7c/fast"
/usr/bin/make -f CMakeFiles/cmTC_c0a7c.dir/build.make CMakeFiles/cmTC_c0a7c.dir/build
make[1]: Entering directory '/home/jetson/ptz-tracker/ORB_SLAM2/orb_module/CMakeFiles/CMakeTmp'
Building C object CMakeFiles/cmTC_c0a7c.dir/CheckSymbolExists.c.o
/usr/bin/cc    -o CMakeFiles/cmTC_c0a7c.dir/CheckSymbolExists.c.o   -c /home/jetson/ptz-tracker/ORB_SLAM2/orb_module/CMakeFiles/CMakeTmp/CheckSymbolExists.c
Linking C executable cmTC_c0a7c
/usr/bin/cmake -E cmake_link_script CMakeFiles/cmTC_c0a7c.dir/link.txt --verbose=1
/usr/bin/cc      -rdynamic CMakeFiles/cmTC_c0a7c.dir/CheckSymbolExists.c.o  -o cmTC_c0a7c 
CMakeFiles/cmTC_c0a7c.dir/CheckSymbolExists.c.o: In function `main':
CheckSymbolExists.c:(.text+0x14): undefined reference to `pthread_create'
CheckSymbolExists.c:(.text+0x18): undefined reference to `pthread_create'
collect2: error: ld returned 1 exit status
CMakeFiles/cmTC_c0a7c.dir/build.make:97: recipe for target 'cmTC_c0a7c' failed
make[1]: *** [cmTC_c0a7c] Error 1
make[1]: Leaving directory '/home/jetson/ptz-tracker/ORB_SLAM2/orb_module/CMakeFiles/CMakeTmp'
Makefile:126: recipe for target 'cmTC_c0a7c/fast' failed
make: *** [cmTC_c0a7c/fast] Error 2

File /home/jetson/ptz-tracker/ORB_SLAM2/orb_module/CMakeFiles/CMakeTmp/CheckSymbolExists.c:
/* */
#include <pthread.h>

int main(int argc, char** argv)
{
  (void)argv;
#ifndef pthread_create
  return ((int*)(&pthread_create))[argc];
#else
  (void)argc;
  return 0;
#endif
}

Determining if the function pthread_create exists in the pthreads failed with the following output:
Change Dir: /home/jetson/ptz-tracker/ORB_SLAM2/orb_module/CMakeFiles/CMakeTmp

Run Build Command:"/usr/bin/make" "cmTC_7d986/fast"
/usr/bin/make -f CMakeFiles/cmTC_7d986.dir/build.make CMakeFiles/cmTC_7d986.dir/build
make[1]: Entering directory '/home/jetson/ptz-tracker/ORB_SLAM2/orb_module/CMakeFiles/CMakeTmp'
Building C object CMakeFiles/cmTC_7d986.dir/CheckFunctionExists.c.o
/usr/bin/cc   -DCHECK_FUNCTION_EXISTS=pthread_create   -o CMakeFiles/cmTC_7d986.dir/CheckFunctionExists.c.o   -c /usr/share/cmake-3.10/Modules/CheckFunctionExists.c
Linking C executable cmTC_7d986
/usr/bin/cmake -E cmake_link_script CMakeFiles/cmTC_7d986.dir/link.txt --verbose=1
/usr/bin/cc  -DCHECK_FUNCTION_EXISTS=pthread_create    -rdynamic CMakeFiles/cmTC_7d986.dir/CheckFunctionExists.c.o  -o cmTC_7d986 -lpthreads 
/usr/bin/ld: cannot find -lpthreads
collect2: error: ld returned 1 exit status
CMakeFiles/cmTC_7d986.dir/build.make:97: recipe for target 'cmTC_7d986' failed
make[1]: *** [cmTC_7d986] Error 1
make[1]: Leaving directory '/home/jetson/ptz-tracker/ORB_SLAM2/orb_module/CMakeFiles/CMakeTmp'
Makefile:126: recipe for target 'cmTC_7d986/fast' failed
make: *** [cmTC_7d986/fast] Error 2


Determining if the pthread_create exist failed with the following output:
Change Dir: /home/jetson/ptz-tracker/ORB_SLAM2/orb_module/CMakeFiles/CMakeTmp

Run Build Command:"/usr/bin/make" "cmTC_9aebf/fast"
/usr/bin/make -f CMakeFiles/cmTC_9aebf.dir/build.make CMakeFiles/cmTC_9aebf.dir/build
make[1]: Entering directory '/home/jetson/ptz-tracker/ORB_SLAM2/orb_module/CMakeFiles/CMakeTmp'
Building C object CMakeFiles/cmTC_9aebf.dir/CheckSymbolExists.c.o
/usr/bin/cc    -o CMakeFiles/cmTC_9aebf.dir/CheckSymbolExists.c.o   -c /home/jetson/ptz-tracker/ORB_SLAM2/orb_module/CMakeFiles/CMakeTmp/CheckSymbolExists.c
Linking C executable cmTC_9aebf
/usr/bin/cmake -E cmake_link_script CMakeFiles/cmTC_9aebf.dir/link.txt --verbose=1
/usr/bin/cc      -rdynamic CMakeFiles/cmTC_9aebf.dir/CheckSymbolExists.c.o  -o cmTC_9aebf 
CMakeFiles/cmTC_9aebf.dir/CheckSymbolExists.c.o: In function `main':
CheckSymbolExists.c:(.text+0x14): undefined reference to `pthread_create'
CheckSymbolExists.c:(.text+0x18): undefined reference to `pthread_create'
collect2: error: ld returned 1 exit status
CMakeFiles/cmTC_9aebf.dir/build.make:97: recipe for target 'cmTC_9aebf' failed
make[1]: *** [cmTC_9aebf] Error 1
make[1]: Leaving directory '/home/jetson/ptz-tracker/ORB_SLAM2/orb_module/CMakeFiles/CMakeTmp'
Makefile:126: recipe for target 'cmTC_9aebf/fast' failed
make: *** [cmTC_9aebf/fast] Error 2

File /home/jetson/ptz-tracker/ORB_SLAM2/orb_module/CMakeFiles/CMakeTmp/CheckSymbolExists.c:
/* */
#include <pthread.h>

int main(int argc, char** argv)
{
  (void)argv;
#ifndef pthread_create
  return ((int*)(&pthread_create))[argc];
#else
  (void)argc;
  return 0;
#endif
}

Determining if the function pthread_create exists in the pthreads failed with the following output:
Change Dir: /home/jetson/ptz-tracker/ORB_SLAM2/orb_module/CMakeFiles/CMakeTmp

Run Build Command:"/usr/bin/make" "cmTC_65930/fast"
/usr/bin/make -f CMakeFiles/cmTC_65930.dir/build.make CMakeFiles/cmTC_65930.dir/build
make[1]: Entering directory '/home/jetson/ptz-tracker/ORB_SLAM2/orb_module/CMakeFiles/CMakeTmp'
Building C object CMakeFiles/cmTC_65930.dir/CheckFunctionExists.c.o
/usr/bin/cc   -DCHECK_FUNCTION_EXISTS=pthread_create   -o CMakeFiles/cmTC_65930.dir/CheckFunctionExists.c.o   -c /usr/share/cmake-3.10/Modules/CheckFunctionExists.c
Linking C executable cmTC_65930
/usr/bin/cmake -E cmake_link_script CMakeFiles/cmTC_65930.dir/link.txt --verbose=1
/usr/bin/cc  -DCHECK_FUNCTION_EXISTS=pthread_create    -rdynamic CMakeFiles/cmTC_65930.dir/CheckFunctionExists.c.o  -o cmTC_65930 -lpthreads 
/usr/bin/ld: cannot find -lpthreads
collect2: error: ld returned 1 exit status
CMakeFiles/cmTC_65930.dir/build.make:97: recipe for target 'cmTC_65930' failed
make[1]: *** [cmTC_65930] Error 1
make[1]: Leaving directory '/home/jetson/ptz-tracker/ORB_SLAM2/orb_module/CMakeFiles/CMakeTmp'
Makefile:126: recipe for target 'cmTC_65930/fast' failed
make: *** [cmTC_65930/fast] Error 2


