Build output check failed:
    Regex: 'argument .* is not valid'
    Output line: 'cc1: warning: ‘-Werror=’ argument ‘-Werror=non-virtual-dtor’ is not valid for C'
Compilation failed:
    source file: '/home/user/ptz-tracker/build/CMakeFiles/CMakeTmp/src.c'
    check option: ' -fsigned-char -W -Wall -Werror=return-type  -Werror=non-virtual-dtor'
===== BUILD LOG =====
Change Dir: /home/user/ptz-tracker/build/CMakeFiles/CMakeTmp

Run Build Command:"/usr/bin/make" "cmTC_e1d98/fast"
/usr/bin/make -f CMakeFiles/cmTC_e1d98.dir/build.make CMakeFiles/cmTC_e1d98.dir/build
make[1]: Entering directory '/home/user/ptz-tracker/build/CMakeFiles/CMakeTmp'
Building C object CMakeFiles/cmTC_e1d98.dir/src.c.o
/usr/bin/cc   -O3 -DNDEBUG -fPIE   -fsigned-char -W -Wall -Werror=return-type -Werror=non-virtual-dtor -o CMakeFiles/cmTC_e1d98.dir/src.c.o   -c /home/user/ptz-tracker/build/CMakeFiles/CMakeTmp/src.c
cc1: warning: ‘-Werror=’ argument ‘-Werror=non-virtual-dtor’ is not valid for C
/home/user/ptz-tracker/build/CMakeFiles/CMakeTmp/src.c:1:0: warning: ignoring #pragma   [-Wunknown-pragmas]
 #pragma
 
Linking C executable cmTC_e1d98
/usr/bin/cmake -E cmake_link_script CMakeFiles/cmTC_e1d98.dir/link.txt --verbose=1
/usr/bin/cc   -O3 -DNDEBUG    -rdynamic CMakeFiles/cmTC_e1d98.dir/src.c.o  -o cmTC_e1d98 
make[1]: Leaving directory '/home/user/ptz-tracker/build/CMakeFiles/CMakeTmp'

===== END =====

Build output check failed:
    Regex: 'command[- ]line option .* is valid for .* but not for C\+\+'
    Output line: 'cc1plus: warning: command line option ‘-Wmissing-prototypes’ is valid for C/ObjC but not for C++'
Compilation failed:
    source file: '/home/user/ptz-tracker/build/CMakeFiles/CMakeTmp/src.cxx'
    check option: ' -fsigned-char -W -Wall -Werror=return-type -Werror=non-virtual-dtor -Werror=address -Werror=sequence-point -Wformat -Werror=format-security -Wmissing-declarations  -Wmissing-prototypes'
===== BUILD LOG =====
Change Dir: /home/user/ptz-tracker/build/CMakeFiles/CMakeTmp

Run Build Command:"/usr/bin/make" "cmTC_ee05d/fast"
/usr/bin/make -f CMakeFiles/cmTC_ee05d.dir/build.make CMakeFiles/cmTC_ee05d.dir/build
make[1]: Entering directory '/home/user/ptz-tracker/build/CMakeFiles/CMakeTmp'
Building CXX object CMakeFiles/cmTC_ee05d.dir/src.cxx.o
/usr/bin/c++    -O3 -DNDEBUG -fPIE   -fsigned-char -W -Wall -Werror=return-type -Werror=non-virtual-dtor -Werror=address -Werror=sequence-point -Wformat -Werror=format-security -Wmissing-declarations -Wmissing-prototypes -o CMakeFiles/cmTC_ee05d.dir/src.cxx.o -c /home/user/ptz-tracker/build/CMakeFiles/CMakeTmp/src.cxx
cc1plus: warning: command line option ‘-Wmissing-prototypes’ is valid for C/ObjC but not for C++
/home/user/ptz-tracker/build/CMakeFiles/CMakeTmp/src.cxx:1:0: warning: ignoring #pragma   [-Wunknown-pragmas]
 #pragma
 
Linking CXX executable cmTC_ee05d
/usr/bin/cmake -E cmake_link_script CMakeFiles/cmTC_ee05d.dir/link.txt --verbose=1
/usr/bin/c++    -O3 -DNDEBUG    -rdynamic CMakeFiles/cmTC_ee05d.dir/src.cxx.o  -o cmTC_ee05d 
make[1]: Leaving directory '/home/user/ptz-tracker/build/CMakeFiles/CMakeTmp'

===== END =====

Build output check failed:
    Regex: 'command[- ]line option .* is valid for .* but not for C\+\+'
    Output line: 'cc1plus: warning: command line option ‘-Wstrict-prototypes’ is valid for C/ObjC but not for C++'
Compilation failed:
    source file: '/home/user/ptz-tracker/build/CMakeFiles/CMakeTmp/src.cxx'
    check option: ' -fsigned-char -W -Wall -Werror=return-type -Werror=non-virtual-dtor -Werror=address -Werror=sequence-point -Wformat -Werror=format-security -Wmissing-declarations  -Wstrict-prototypes'
===== BUILD LOG =====
Change Dir: /home/user/ptz-tracker/build/CMakeFiles/CMakeTmp

Run Build Command:"/usr/bin/make" "cmTC_abfa6/fast"
/usr/bin/make -f CMakeFiles/cmTC_abfa6.dir/build.make CMakeFiles/cmTC_abfa6.dir/build
make[1]: Entering directory '/home/user/ptz-tracker/build/CMakeFiles/CMakeTmp'
Building CXX object CMakeFiles/cmTC_abfa6.dir/src.cxx.o
/usr/bin/c++    -O3 -DNDEBUG -fPIE   -fsigned-char -W -Wall -Werror=return-type -Werror=non-virtual-dtor -Werror=address -Werror=sequence-point -Wformat -Werror=format-security -Wmissing-declarations -Wstrict-prototypes -o CMakeFiles/cmTC_abfa6.dir/src.cxx.o -c /home/user/ptz-tracker/build/CMakeFiles/CMakeTmp/src.cxx
cc1plus: warning: command line option ‘-Wstrict-prototypes’ is valid for C/ObjC but not for C++
/home/user/ptz-tracker/build/CMakeFiles/CMakeTmp/src.cxx:1:0: warning: ignoring #pragma   [-Wunknown-pragmas]
 #pragma
 
Linking CXX executable cmTC_abfa6
/usr/bin/cmake -E cmake_link_script CMakeFiles/cmTC_abfa6.dir/link.txt --verbose=1
/usr/bin/c++    -O3 -DNDEBUG    -rdynamic CMakeFiles/cmTC_abfa6.dir/src.cxx.o  -o cmTC_abfa6 
make[1]: Leaving directory '/home/user/ptz-tracker/build/CMakeFiles/CMakeTmp'

===== END =====

Build output check failed:
    Regex: 'command[- ]line option .* is valid for .* but not for C'
    Output line: 'cc1: warning: command line option ‘-Wsign-promo’ is valid for C++/ObjC++ but not for C'
Compilation failed:
    source file: '/home/user/ptz-tracker/build/CMakeFiles/CMakeTmp/src.c'
    check option: ' -fsigned-char -W -Wall -Werror=return-type -Werror=address -Werror=sequence-point -Wformat -Werror=format-security -Wmissing-declarations -Wmissing-prototypes -Wstrict-prototypes -Wundef -Winit-self -Wpointer-arith -Wshadow  -Wsign-promo'
===== BUILD LOG =====
Change Dir: /home/user/ptz-tracker/build/CMakeFiles/CMakeTmp

Run Build Command:"/usr/bin/make" "cmTC_1d0f5/fast"
/usr/bin/make -f CMakeFiles/cmTC_1d0f5.dir/build.make CMakeFiles/cmTC_1d0f5.dir/build
make[1]: Entering directory '/home/user/ptz-tracker/build/CMakeFiles/CMakeTmp'
Building C object CMakeFiles/cmTC_1d0f5.dir/src.c.o
/usr/bin/cc   -O3 -DNDEBUG -fPIE   -fsigned-char -W -Wall -Werror=return-type -Werror=address -Werror=sequence-point -Wformat -Werror=format-security -Wmissing-declarations -Wmissing-prototypes -Wstrict-prototypes -Wundef -Winit-self -Wpointer-arith -Wshadow -Wsign-promo -o CMakeFiles/cmTC_1d0f5.dir/src.c.o   -c /home/user/ptz-tracker/build/CMakeFiles/CMakeTmp/src.c
cc1: warning: command line option ‘-Wsign-promo’ is valid for C++/ObjC++ but not for C
/home/user/ptz-tracker/build/CMakeFiles/CMakeTmp/src.c:1:0: warning: ignoring #pragma   [-Wunknown-pragmas]
 #pragma
 
Linking C executable cmTC_1d0f5
/usr/bin/cmake -E cmake_link_script CMakeFiles/cmTC_1d0f5.dir/link.txt --verbose=1
/usr/bin/cc   -O3 -DNDEBUG    -rdynamic CMakeFiles/cmTC_1d0f5.dir/src.c.o  -o cmTC_1d0f5 
make[1]: Leaving directory '/home/user/ptz-tracker/build/CMakeFiles/CMakeTmp'

===== END =====

Build output check failed:
    Regex: 'command[- ]line option .* is valid for .* but not for C'
    Output line: 'cc1: warning: command line option ‘-Wsuggest-override’ is valid for C++/ObjC++ but not for C'
Compilation failed:
    source file: '/home/user/ptz-tracker/build/CMakeFiles/CMakeTmp/src.c'
    check option: ' -fsigned-char -W -Wall -Werror=return-type -Werror=address -Werror=sequence-point -Wformat -Werror=format-security -Wmissing-declarations -Wmissing-prototypes -Wstrict-prototypes -Wundef -Winit-self -Wpointer-arith -Wshadow -Wuninitialized  -Wsuggest-override'
===== BUILD LOG =====
Change Dir: /home/user/ptz-tracker/build/CMakeFiles/CMakeTmp

Run Build Command:"/usr/bin/make" "cmTC_dfc12/fast"
/usr/bin/make -f CMakeFiles/cmTC_dfc12.dir/build.make CMakeFiles/cmTC_dfc12.dir/build
make[1]: Entering directory '/home/user/ptz-tracker/build/CMakeFiles/CMakeTmp'
Building C object CMakeFiles/cmTC_dfc12.dir/src.c.o
/usr/bin/cc   -O3 -DNDEBUG -fPIE   -fsigned-char -W -Wall -Werror=return-type -Werror=address -Werror=sequence-point -Wformat -Werror=format-security -Wmissing-declarations -Wmissing-prototypes -Wstrict-prototypes -Wundef -Winit-self -Wpointer-arith -Wshadow -Wuninitialized -Wsuggest-override -o CMakeFiles/cmTC_dfc12.dir/src.c.o   -c /home/user/ptz-tracker/build/CMakeFiles/CMakeTmp/src.c
cc1: warning: command line option ‘-Wsuggest-override’ is valid for C++/ObjC++ but not for C
/home/user/ptz-tracker/build/CMakeFiles/CMakeTmp/src.c:1:0: warning: ignoring #pragma   [-Wunknown-pragmas]
 #pragma
 
Linking C executable cmTC_dfc12
/usr/bin/cmake -E cmake_link_script CMakeFiles/cmTC_dfc12.dir/link.txt --verbose=1
/usr/bin/cc   -O3 -DNDEBUG    -rdynamic CMakeFiles/cmTC_dfc12.dir/src.c.o  -o cmTC_dfc12 
make[1]: Leaving directory '/home/user/ptz-tracker/build/CMakeFiles/CMakeTmp'

===== END =====

Build output check failed:
    Regex: 'command[- ]line option .* is valid for .* but not for C'
    Output line: 'cc1: warning: command line option ‘-Wno-delete-non-virtual-dtor’ is valid for C++/ObjC++ but not for C'
Compilation failed:
    source file: '/home/user/ptz-tracker/build/CMakeFiles/CMakeTmp/src.c'
    check option: ' -fsigned-char -W -Wall -Werror=return-type -Werror=address -Werror=sequence-point -Wformat -Werror=format-security -Wmissing-declarations -Wmissing-prototypes -Wstrict-prototypes -Wundef -Winit-self -Wpointer-arith -Wshadow -Wuninitialized  -Wno-delete-non-virtual-dtor'
===== BUILD LOG =====
Change Dir: /home/user/ptz-tracker/build/CMakeFiles/CMakeTmp

Run Build Command:"/usr/bin/make" "cmTC_b81d6/fast"
/usr/bin/make -f CMakeFiles/cmTC_b81d6.dir/build.make CMakeFiles/cmTC_b81d6.dir/build
make[1]: Entering directory '/home/user/ptz-tracker/build/CMakeFiles/CMakeTmp'
Building C object CMakeFiles/cmTC_b81d6.dir/src.c.o
/usr/bin/cc   -O3 -DNDEBUG -fPIE   -fsigned-char -W -Wall -Werror=return-type -Werror=address -Werror=sequence-point -Wformat -Werror=format-security -Wmissing-declarations -Wmissing-prototypes -Wstrict-prototypes -Wundef -Winit-self -Wpointer-arith -Wshadow -Wuninitialized -Wno-delete-non-virtual-dtor -o CMakeFiles/cmTC_b81d6.dir/src.c.o   -c /home/user/ptz-tracker/build/CMakeFiles/CMakeTmp/src.c
cc1: warning: command line option ‘-Wno-delete-non-virtual-dtor’ is valid for C++/ObjC++ but not for C
/home/user/ptz-tracker/build/CMakeFiles/CMakeTmp/src.c:1:0: warning: ignoring #pragma   [-Wunknown-pragmas]
 #pragma
 
Linking C executable cmTC_b81d6
/usr/bin/cmake -E cmake_link_script CMakeFiles/cmTC_b81d6.dir/link.txt --verbose=1
/usr/bin/cc   -O3 -DNDEBUG    -rdynamic CMakeFiles/cmTC_b81d6.dir/src.c.o  -o cmTC_b81d6 
make[1]: Leaving directory '/home/user/ptz-tracker/build/CMakeFiles/CMakeTmp'

===== END =====

Build output check failed:
    Regex: 'unrecognized .*option'
    Output line: 'cc1plus: warning: unrecognized command line option ‘-Wno-unnamed-type-template-args’'
Compilation failed:
    source file: '/home/user/ptz-tracker/build/CMakeFiles/CMakeTmp/src.cxx'
    check option: ' -fsigned-char -W -Wall -Werror=return-type -Werror=non-virtual-dtor -Werror=address -Werror=sequence-point -Wformat -Werror=format-security -Wmissing-declarations -Wundef -Winit-self -Wpointer-arith -Wshadow -Wsign-promo -Wuninitialized -Wsuggest-override -Wno-delete-non-virtual-dtor  -Wno-unnamed-type-template-args'
===== BUILD LOG =====
Change Dir: /home/user/ptz-tracker/build/CMakeFiles/CMakeTmp

Run Build Command:"/usr/bin/make" "cmTC_b60de/fast"
/usr/bin/make -f CMakeFiles/cmTC_b60de.dir/build.make CMakeFiles/cmTC_b60de.dir/build
make[1]: Entering directory '/home/user/ptz-tracker/build/CMakeFiles/CMakeTmp'
Building CXX object CMakeFiles/cmTC_b60de.dir/src.cxx.o
/usr/bin/c++    -O3 -DNDEBUG -fPIE   -fsigned-char -W -Wall -Werror=return-type -Werror=non-virtual-dtor -Werror=address -Werror=sequence-point -Wformat -Werror=format-security -Wmissing-declarations -Wundef -Winit-self -Wpointer-arith -Wshadow -Wsign-promo -Wuninitialized -Wsuggest-override -Wno-delete-non-virtual-dtor -Wno-unnamed-type-template-args -o CMakeFiles/cmTC_b60de.dir/src.cxx.o -c /home/user/ptz-tracker/build/CMakeFiles/CMakeTmp/src.cxx
/home/user/ptz-tracker/build/CMakeFiles/CMakeTmp/src.cxx:1:0: warning: ignoring #pragma   [-Wunknown-pragmas]
 #pragma
 
cc1plus: warning: unrecognized command line option ‘-Wno-unnamed-type-template-args’
Linking CXX executable cmTC_b60de
/usr/bin/cmake -E cmake_link_script CMakeFiles/cmTC_b60de.dir/link.txt --verbose=1
/usr/bin/c++    -O3 -DNDEBUG    -rdynamic CMakeFiles/cmTC_b60de.dir/src.cxx.o  -o cmTC_b60de 
make[1]: Leaving directory '/home/user/ptz-tracker/build/CMakeFiles/CMakeTmp'

===== END =====

Build output check failed:
    Regex: 'unrecognized .*option'
    Output line: 'cc1: warning: unrecognized command line option ‘-Wno-unnamed-type-template-args’'
Compilation failed:
    source file: '/home/user/ptz-tracker/build/CMakeFiles/CMakeTmp/src.c'
    check option: ' -fsigned-char -W -Wall -Werror=return-type -Werror=address -Werror=sequence-point -Wformat -Werror=format-security -Wmissing-declarations -Wmissing-prototypes -Wstrict-prototypes -Wundef -Winit-self -Wpointer-arith -Wshadow -Wuninitialized  -Wno-unnamed-type-template-args'
===== BUILD LOG =====
Change Dir: /home/user/ptz-tracker/build/CMakeFiles/CMakeTmp

Run Build Command:"/usr/bin/make" "cmTC_6e177/fast"
/usr/bin/make -f CMakeFiles/cmTC_6e177.dir/build.make CMakeFiles/cmTC_6e177.dir/build
make[1]: Entering directory '/home/user/ptz-tracker/build/CMakeFiles/CMakeTmp'
Building C object CMakeFiles/cmTC_6e177.dir/src.c.o
/usr/bin/cc   -O3 -DNDEBUG -fPIE   -fsigned-char -W -Wall -Werror=return-type -Werror=address -Werror=sequence-point -Wformat -Werror=format-security -Wmissing-declarations -Wmissing-prototypes -Wstrict-prototypes -Wundef -Winit-self -Wpointer-arith -Wshadow -Wuninitialized -Wno-unnamed-type-template-args -o CMakeFiles/cmTC_6e177.dir/src.c.o   -c /home/user/ptz-tracker/build/CMakeFiles/CMakeTmp/src.c
/home/user/ptz-tracker/build/CMakeFiles/CMakeTmp/src.c:1:0: warning: ignoring #pragma   [-Wunknown-pragmas]
 #pragma
 
cc1: warning: unrecognized command line option ‘-Wno-unnamed-type-template-args’
Linking C executable cmTC_6e177
/usr/bin/cmake -E cmake_link_script CMakeFiles/cmTC_6e177.dir/link.txt --verbose=1
/usr/bin/cc   -O3 -DNDEBUG    -rdynamic CMakeFiles/cmTC_6e177.dir/src.c.o  -o cmTC_6e177 
make[1]: Leaving directory '/home/user/ptz-tracker/build/CMakeFiles/CMakeTmp'

===== END =====

Build output check failed:
    Regex: 'command[- ]line option .* is valid for .* but not for C'
    Output line: 'cc1: warning: command line option ‘-fvisibility-inlines-hidden’ is valid for C++/ObjC++ but not for C'
Compilation failed:
    source file: '/home/user/ptz-tracker/build/CMakeFiles/CMakeTmp/src.c'
    check option: ' -fsigned-char -W -Wall -Werror=return-type -Werror=address -Werror=sequence-point -Wformat -Werror=format-security -Wmissing-declarations -Wmissing-prototypes -Wstrict-prototypes -Wundef -Winit-self -Wpointer-arith -Wshadow -Wuninitialized -Wno-comment -Wimplicit-fallthrough=3 -Wno-strict-overflow -fdiagnostics-show-option -Wno-long-long -pthread -fomit-frame-pointer -ffunction-sections -fdata-sections  -msse -msse2 -msse3 -fvisibility=hidden  -fvisibility-inlines-hidden'
===== BUILD LOG =====
Change Dir: /home/user/ptz-tracker/build/CMakeFiles/CMakeTmp

Run Build Command:"/usr/bin/make" "cmTC_cc267/fast"
/usr/bin/make -f CMakeFiles/cmTC_cc267.dir/build.make CMakeFiles/cmTC_cc267.dir/build
make[1]: Entering directory '/home/user/ptz-tracker/build/CMakeFiles/CMakeTmp'
Building C object CMakeFiles/cmTC_cc267.dir/src.c.o
/usr/bin/cc   -O3 -DNDEBUG -fPIE   -fsigned-char -W -Wall -Werror=return-type -Werror=address -Werror=sequence-point -Wformat -Werror=format-security -Wmissing-declarations -Wmissing-prototypes -Wstrict-prototypes -Wundef -Winit-self -Wpointer-arith -Wshadow -Wuninitialized -Wno-comment -Wimplicit-fallthrough=3 -Wno-strict-overflow -fdiagnostics-show-option -Wno-long-long -pthread -fomit-frame-pointer -ffunction-sections -fdata-sections -msse -msse2 -msse3 -fvisibility=hidden -fvisibility-inlines-hidden -o CMakeFiles/cmTC_cc267.dir/src.c.o   -c /home/user/ptz-tracker/build/CMakeFiles/CMakeTmp/src.c
cc1: warning: command line option ‘-fvisibility-inlines-hidden’ is valid for C++/ObjC++ but not for C
/home/user/ptz-tracker/build/CMakeFiles/CMakeTmp/src.c:1:0: warning: ignoring #pragma   [-Wunknown-pragmas]
 #pragma
 
Linking C executable cmTC_cc267
/usr/bin/cmake -E cmake_link_script CMakeFiles/cmTC_cc267.dir/link.txt --verbose=1
/usr/bin/cc   -O3 -DNDEBUG    -rdynamic CMakeFiles/cmTC_cc267.dir/src.c.o  -o cmTC_cc267 
make[1]: Leaving directory '/home/user/ptz-tracker/build/CMakeFiles/CMakeTmp'

===== END =====

Build output check failed:
    Regex: 'unrecognized .*option'
    Output line: 'cc1: warning: unrecognized command line option ‘-Wno-absolute-value’'
Compilation failed:
    source file: '/home/user/ptz-tracker/build/CMakeFiles/CMakeTmp/src.c'
    check option: ' -Wno-absolute-value'
===== BUILD LOG =====
Change Dir: /home/user/ptz-tracker/build/CMakeFiles/CMakeTmp

Run Build Command:"/usr/bin/make" "cmTC_eb171/fast"
/usr/bin/make -f CMakeFiles/cmTC_eb171.dir/build.make CMakeFiles/cmTC_eb171.dir/build
make[1]: Entering directory '/home/user/ptz-tracker/build/CMakeFiles/CMakeTmp'
Building C object CMakeFiles/cmTC_eb171.dir/src.c.o
/usr/bin/cc   -fsigned-char -W -Wall -Werror=return-type -Werror=address -Werror=sequence-point -Wformat -Werror=format-security -Wstrict-prototypes -Wundef -Winit-self -Wpointer-arith -Wuninitialized -Wno-comment -Wimplicit-fallthrough=3 -Wno-strict-overflow -fdiagnostics-show-option -Wno-long-long -pthread -fomit-frame-pointer -ffunction-sections -fdata-sections  -msse -msse2 -msse3 -fvisibility=hidden -Wno-implicit-function-declaration -Wno-uninitialized -Wno-missing-prototypes -Wno-unused-but-set-parameter -Wno-missing-declarations -Wno-unused -Wno-shadow -Wno-sign-compare -Wno-strict-overflow -Wno-pointer-compare  -O3 -DNDEBUG  -DNDEBUG -fPIE   -Wno-absolute-value -o CMakeFiles/cmTC_eb171.dir/src.c.o   -c /home/user/ptz-tracker/build/CMakeFiles/CMakeTmp/src.c
/home/user/ptz-tracker/build/CMakeFiles/CMakeTmp/src.c:1:0: warning: ignoring #pragma   [-Wunknown-pragmas]
 #pragma
 
cc1: warning: unrecognized command line option ‘-Wno-absolute-value’
Linking C executable cmTC_eb171
/usr/bin/cmake -E cmake_link_script CMakeFiles/cmTC_eb171.dir/link.txt --verbose=1
/usr/bin/cc    -fsigned-char -W -Wall -Werror=return-type -Werror=address -Werror=sequence-point -Wformat -Werror=format-security -Wstrict-prototypes -Wundef -Winit-self -Wpointer-arith -Wuninitialized -Wno-comment -Wimplicit-fallthrough=3 -Wno-strict-overflow -fdiagnostics-show-option -Wno-long-long -pthread -fomit-frame-pointer -ffunction-sections -fdata-sections  -msse -msse2 -msse3 -fvisibility=hidden -Wno-implicit-function-declaration -Wno-uninitialized -Wno-missing-prototypes -Wno-unused-but-set-parameter -Wno-missing-declarations -Wno-unused -Wno-shadow -Wno-sign-compare -Wno-strict-overflow -Wno-pointer-compare  -O3 -DNDEBUG  -DNDEBUG    -Wl,--gc-sections -Wl,--as-needed  -rdynamic CMakeFiles/cmTC_eb171.dir/src.c.o  -o cmTC_eb171 
make[1]: Leaving directory '/home/user/ptz-tracker/build/CMakeFiles/CMakeTmp'

===== END =====

Determining if the include file linux/videodev.h exists failed with the following output:
Change Dir: /home/user/ptz-tracker/build/CMakeFiles/CMakeTmp

Run Build Command:"/usr/bin/make" "cmTC_42168/fast"
/usr/bin/make -f CMakeFiles/cmTC_42168.dir/build.make CMakeFiles/cmTC_42168.dir/build
make[1]: Entering directory '/home/user/ptz-tracker/build/CMakeFiles/CMakeTmp'
Building C object CMakeFiles/cmTC_42168.dir/CheckIncludeFile.c.o
/usr/bin/cc   -fsigned-char -W -Wall -Werror=return-type -Werror=address -Werror=sequence-point -Wformat -Werror=format-security -Wmissing-declarations -Wmissing-prototypes -Wstrict-prototypes -Wundef -Winit-self -Wpointer-arith -Wshadow -Wuninitialized -Wno-comment -Wimplicit-fallthrough=3 -Wno-strict-overflow -fdiagnostics-show-option -Wno-long-long -pthread -fomit-frame-pointer -ffunction-sections -fdata-sections  -msse -msse2 -msse3 -fvisibility=hidden  -O3 -DNDEBUG  -DNDEBUG -fPIE   -o CMakeFiles/cmTC_42168.dir/CheckIncludeFile.c.o   -c /home/user/ptz-tracker/build/CMakeFiles/CMakeTmp/CheckIncludeFile.c
/home/user/ptz-tracker/build/CMakeFiles/CMakeTmp/CheckIncludeFile.c:1:10: fatal error: linux/videodev.h: No such file or directory
 #include <linux/videodev.h>
          ^~~~~~~~~~~~~~~~~~
compilation terminated.
CMakeFiles/cmTC_42168.dir/build.make:65: recipe for target 'CMakeFiles/cmTC_42168.dir/CheckIncludeFile.c.o' failed
make[1]: *** [CMakeFiles/cmTC_42168.dir/CheckIncludeFile.c.o] Error 1
make[1]: Leaving directory '/home/user/ptz-tracker/build/CMakeFiles/CMakeTmp'
Makefile:126: recipe for target 'cmTC_42168/fast' failed
make: *** [cmTC_42168/fast] Error 2


Determining if the include file sys/videoio.h exists failed with the following output:
Change Dir: /home/user/ptz-tracker/build/CMakeFiles/CMakeTmp

Run Build Command:"/usr/bin/make" "cmTC_eaae6/fast"
/usr/bin/make -f CMakeFiles/cmTC_eaae6.dir/build.make CMakeFiles/cmTC_eaae6.dir/build
make[1]: Entering directory '/home/user/ptz-tracker/build/CMakeFiles/CMakeTmp'
Building C object CMakeFiles/cmTC_eaae6.dir/CheckIncludeFile.c.o
/usr/bin/cc   -fsigned-char -W -Wall -Werror=return-type -Werror=address -Werror=sequence-point -Wformat -Werror=format-security -Wmissing-declarations -Wmissing-prototypes -Wstrict-prototypes -Wundef -Winit-self -Wpointer-arith -Wshadow -Wuninitialized -Wno-comment -Wimplicit-fallthrough=3 -Wno-strict-overflow -fdiagnostics-show-option -Wno-long-long -pthread -fomit-frame-pointer -ffunction-sections -fdata-sections  -msse -msse2 -msse3 -fvisibility=hidden  -O3 -DNDEBUG  -DNDEBUG -fPIE   -o CMakeFiles/cmTC_eaae6.dir/CheckIncludeFile.c.o   -c /home/user/ptz-tracker/build/CMakeFiles/CMakeTmp/CheckIncludeFile.c
/home/user/ptz-tracker/build/CMakeFiles/CMakeTmp/CheckIncludeFile.c:1:10: fatal error: sys/videoio.h: No such file or directory
 #include <sys/videoio.h>
          ^~~~~~~~~~~~~~~
compilation terminated.
CMakeFiles/cmTC_eaae6.dir/build.make:65: recipe for target 'CMakeFiles/cmTC_eaae6.dir/CheckIncludeFile.c.o' failed
make[1]: *** [CMakeFiles/cmTC_eaae6.dir/CheckIncludeFile.c.o] Error 1
make[1]: Leaving directory '/home/user/ptz-tracker/build/CMakeFiles/CMakeTmp'
Makefile:126: recipe for target 'cmTC_eaae6/fast' failed
make: *** [cmTC_eaae6/fast] Error 2


Build output check failed:
    Regex: 'command[- ]line option .* is valid for .* but not for C\+\+'
    Output line: 'cc1plus: warning: command line option ‘-Wno-missing-prototypes’ is valid for C/ObjC but not for C++'
Compilation failed:
    source file: '/home/user/ptz-tracker/build/CMakeFiles/CMakeTmp/src.cxx'
    check option: ' -Wno-missing-prototypes'
===== BUILD LOG =====
Change Dir: /home/user/ptz-tracker/build/CMakeFiles/CMakeTmp

Run Build Command:"/usr/bin/make" "cmTC_d0546/fast"
/usr/bin/make -f CMakeFiles/cmTC_d0546.dir/build.make CMakeFiles/cmTC_d0546.dir/build
make[1]: Entering directory '/home/user/ptz-tracker/build/CMakeFiles/CMakeTmp'
Building CXX object CMakeFiles/cmTC_d0546.dir/src.cxx.o
/usr/bin/c++    -fsigned-char -W -Wall -Werror=return-type -Werror=non-virtual-dtor -Werror=address -Werror=sequence-point -Wformat -Werror=format-security -Wmissing-declarations -Wundef -Winit-self -Wpointer-arith -Wshadow -Wsign-promo -Wuninitialized -Wsuggest-override -Wno-delete-non-virtual-dtor -Wno-comment -Wimplicit-fallthrough=3 -Wno-strict-overflow -fdiagnostics-show-option -Wno-long-long -pthread -fomit-frame-pointer -ffunction-sections -fdata-sections  -msse -msse2 -msse3 -fvisibility=hidden -fvisibility-inlines-hidden -Wno-deprecated  -O3 -DNDEBUG  -DNDEBUG -fPIE   -Wno-missing-prototypes -o CMakeFiles/cmTC_d0546.dir/src.cxx.o -c /home/user/ptz-tracker/build/CMakeFiles/CMakeTmp/src.cxx
cc1plus: warning: command line option ‘-Wno-missing-prototypes’ is valid for C/ObjC but not for C++
/home/user/ptz-tracker/build/CMakeFiles/CMakeTmp/src.cxx:1:0: warning: ignoring #pragma   [-Wunknown-pragmas]
 #pragma
 
Linking CXX executable cmTC_d0546
/usr/bin/cmake -E cmake_link_script CMakeFiles/cmTC_d0546.dir/link.txt --verbose=1
/usr/bin/c++     -fsigned-char -W -Wall -Werror=return-type -Werror=non-virtual-dtor -Werror=address -Werror=sequence-point -Wformat -Werror=format-security -Wmissing-declarations -Wundef -Winit-self -Wpointer-arith -Wshadow -Wsign-promo -Wuninitialized -Wsuggest-override -Wno-delete-non-virtual-dtor -Wno-comment -Wimplicit-fallthrough=3 -Wno-strict-overflow -fdiagnostics-show-option -Wno-long-long -pthread -fomit-frame-pointer -ffunction-sections -fdata-sections  -msse -msse2 -msse3 -fvisibility=hidden -fvisibility-inlines-hidden -Wno-deprecated  -O3 -DNDEBUG  -DNDEBUG    -Wl,--gc-sections -Wl,--as-needed  -rdynamic CMakeFiles/cmTC_d0546.dir/src.cxx.o  -o cmTC_d0546 
make[1]: Leaving directory '/home/user/ptz-tracker/build/CMakeFiles/CMakeTmp'

===== END =====

Build output check failed:
    Regex: 'unrecognized .*option'
    Output line: 'cc1plus: warning: unrecognized command line option ‘-Wno-tautological-undefined-compare’'
Compilation failed:
    source file: '/home/user/ptz-tracker/build/CMakeFiles/CMakeTmp/src.cxx'
    check option: ' -Wno-tautological-undefined-compare'
===== BUILD LOG =====
Change Dir: /home/user/ptz-tracker/build/CMakeFiles/CMakeTmp

Run Build Command:"/usr/bin/make" "cmTC_b64d1/fast"
/usr/bin/make -f CMakeFiles/cmTC_b64d1.dir/build.make CMakeFiles/cmTC_b64d1.dir/build
make[1]: Entering directory '/home/user/ptz-tracker/build/CMakeFiles/CMakeTmp'
Building CXX object CMakeFiles/cmTC_b64d1.dir/src.cxx.o
/usr/bin/c++    -fsigned-char -W -Wall -Werror=return-type -Werror=non-virtual-dtor -Werror=address -Werror=sequence-point -Wformat -Werror=format-security -Winit-self -Wpointer-arith -Wuninitialized -Wsuggest-override -Wno-delete-non-virtual-dtor -Wno-comment -Wimplicit-fallthrough=3 -Wno-strict-overflow -fdiagnostics-show-option -Wno-long-long -pthread -fomit-frame-pointer -ffunction-sections -fdata-sections  -msse -msse2 -msse3 -fvisibility=hidden -fvisibility-inlines-hidden -Wno-deprecated -Wno-missing-declarations -Wno-shadow -Wno-unused-parameter -Wno-unused-local-typedefs -Wno-sign-compare -Wno-sign-promo -Wno-undef  -O3 -DNDEBUG  -DNDEBUG -fPIE   -Wno-tautological-undefined-compare -o CMakeFiles/cmTC_b64d1.dir/src.cxx.o -c /home/user/ptz-tracker/build/CMakeFiles/CMakeTmp/src.cxx
/home/user/ptz-tracker/build/CMakeFiles/CMakeTmp/src.cxx:1:0: warning: ignoring #pragma   [-Wunknown-pragmas]
 #pragma
 
cc1plus: warning: unrecognized command line option ‘-Wno-tautological-undefined-compare’
Linking CXX executable cmTC_b64d1
/usr/bin/cmake -E cmake_link_script CMakeFiles/cmTC_b64d1.dir/link.txt --verbose=1
/usr/bin/c++     -fsigned-char -W -Wall -Werror=return-type -Werror=non-virtual-dtor -Werror=address -Werror=sequence-point -Wformat -Werror=format-security -Winit-self -Wpointer-arith -Wuninitialized -Wsuggest-override -Wno-delete-non-virtual-dtor -Wno-comment -Wimplicit-fallthrough=3 -Wno-strict-overflow -fdiagnostics-show-option -Wno-long-long -pthread -fomit-frame-pointer -ffunction-sections -fdata-sections  -msse -msse2 -msse3 -fvisibility=hidden -fvisibility-inlines-hidden -Wno-deprecated -Wno-missing-declarations -Wno-shadow -Wno-unused-parameter -Wno-unused-local-typedefs -Wno-sign-compare -Wno-sign-promo -Wno-undef  -O3 -DNDEBUG  -DNDEBUG    -Wl,--gc-sections -Wl,--as-needed  -rdynamic CMakeFiles/cmTC_b64d1.dir/src.cxx.o  -o cmTC_b64d1 
make[1]: Leaving directory '/home/user/ptz-tracker/build/CMakeFiles/CMakeTmp'

===== END =====

Build output check failed:
    Regex: 'unrecognized .*option'
    Output line: 'cc1plus: warning: unrecognized command line option ‘-Wno-shorten-64-to-32’'
Compilation failed:
    source file: '/home/user/ptz-tracker/build/CMakeFiles/CMakeTmp/src.cxx'
    check option: ' -Wno-shorten-64-to-32'
===== BUILD LOG =====
Change Dir: /home/user/ptz-tracker/build/CMakeFiles/CMakeTmp

Run Build Command:"/usr/bin/make" "cmTC_1cc00/fast"
/usr/bin/make -f CMakeFiles/cmTC_1cc00.dir/build.make CMakeFiles/cmTC_1cc00.dir/build
make[1]: Entering directory '/home/user/ptz-tracker/build/CMakeFiles/CMakeTmp'
Building CXX object CMakeFiles/cmTC_1cc00.dir/src.cxx.o
/usr/bin/c++    -fsigned-char -W -Wall -Werror=return-type -Werror=non-virtual-dtor -Werror=address -Werror=sequence-point -Wformat -Werror=format-security -Winit-self -Wpointer-arith -Wuninitialized -Wsuggest-override -Wno-delete-non-virtual-dtor -Wno-comment -Wimplicit-fallthrough=3 -Wno-strict-overflow -fdiagnostics-show-option -Wno-long-long -pthread -fomit-frame-pointer -ffunction-sections -fdata-sections  -msse -msse2 -msse3 -fvisibility=hidden -fvisibility-inlines-hidden -Wno-deprecated -Wno-missing-declarations -Wno-shadow -Wno-unused-parameter -Wno-unused-local-typedefs -Wno-sign-compare -Wno-sign-promo -Wno-undef -Wno-ignored-qualifiers -Wno-extra -Wno-unused-function -Wno-unused-const-variable  -O3 -DNDEBUG  -DNDEBUG -fPIE   -Wno-shorten-64-to-32 -o CMakeFiles/cmTC_1cc00.dir/src.cxx.o -c /home/user/ptz-tracker/build/CMakeFiles/CMakeTmp/src.cxx
/home/user/ptz-tracker/build/CMakeFiles/CMakeTmp/src.cxx:1:0: warning: ignoring #pragma   [-Wunknown-pragmas]
 #pragma
 
cc1plus: warning: unrecognized command line option ‘-Wno-shorten-64-to-32’
Linking CXX executable cmTC_1cc00
/usr/bin/cmake -E cmake_link_script CMakeFiles/cmTC_1cc00.dir/link.txt --verbose=1
/usr/bin/c++     -fsigned-char -W -Wall -Werror=return-type -Werror=non-virtual-dtor -Werror=address -Werror=sequence-point -Wformat -Werror=format-security -Winit-self -Wpointer-arith -Wuninitialized -Wsuggest-override -Wno-delete-non-virtual-dtor -Wno-comment -Wimplicit-fallthrough=3 -Wno-strict-overflow -fdiagnostics-show-option -Wno-long-long -pthread -fomit-frame-pointer -ffunction-sections -fdata-sections  -msse -msse2 -msse3 -fvisibility=hidden -fvisibility-inlines-hidden -Wno-deprecated -Wno-missing-declarations -Wno-shadow -Wno-unused-parameter -Wno-unused-local-typedefs -Wno-sign-compare -Wno-sign-promo -Wno-undef -Wno-ignored-qualifiers -Wno-extra -Wno-unused-function -Wno-unused-const-variable  -O3 -DNDEBUG  -DNDEBUG    -Wl,--gc-sections -Wl,--as-needed  -rdynamic CMakeFiles/cmTC_1cc00.dir/src.cxx.o  -o cmTC_1cc00 
make[1]: Leaving directory '/home/user/ptz-tracker/build/CMakeFiles/CMakeTmp'

===== END =====

Build output check failed:
    Regex: 'unrecognized .*option'
    Output line: 'cc1plus: warning: unrecognized command line option ‘-Wno-enum-compare-switch’'
Compilation failed:
    source file: '/home/user/ptz-tracker/build/CMakeFiles/CMakeTmp/src.cxx'
    check option: ' -Wno-enum-compare-switch'
===== BUILD LOG =====
Change Dir: /home/user/ptz-tracker/build/CMakeFiles/CMakeTmp

Run Build Command:"/usr/bin/make" "cmTC_6a6ce/fast"
/usr/bin/make -f CMakeFiles/cmTC_6a6ce.dir/build.make CMakeFiles/cmTC_6a6ce.dir/build
make[1]: Entering directory '/home/user/ptz-tracker/build/CMakeFiles/CMakeTmp'
Building CXX object CMakeFiles/cmTC_6a6ce.dir/src.cxx.o
/usr/bin/c++    -fsigned-char -W -Wall -Werror=return-type -Werror=non-virtual-dtor -Werror=address -Werror=sequence-point -Wformat -Werror=format-security -Winit-self -Wpointer-arith -Wuninitialized -Wsuggest-override -Wno-delete-non-virtual-dtor -Wno-comment -Wimplicit-fallthrough=3 -Wno-strict-overflow -fdiagnostics-show-option -Wno-long-long -pthread -fomit-frame-pointer -ffunction-sections -fdata-sections  -msse -msse2 -msse3 -fvisibility=hidden -fvisibility-inlines-hidden -Wno-deprecated -Wno-missing-declarations -Wno-shadow -Wno-unused-parameter -Wno-unused-local-typedefs -Wno-sign-compare -Wno-sign-promo -Wno-undef -Wno-ignored-qualifiers -Wno-extra -Wno-unused-function -Wno-unused-const-variable -Wno-invalid-offsetof  -O3 -DNDEBUG  -DNDEBUG -fPIE   -Wno-enum-compare-switch -o CMakeFiles/cmTC_6a6ce.dir/src.cxx.o -c /home/user/ptz-tracker/build/CMakeFiles/CMakeTmp/src.cxx
/home/user/ptz-tracker/build/CMakeFiles/CMakeTmp/src.cxx:1:0: warning: ignoring #pragma   [-Wunknown-pragmas]
 #pragma
 
cc1plus: warning: unrecognized command line option ‘-Wno-enum-compare-switch’
Linking CXX executable cmTC_6a6ce
/usr/bin/cmake -E cmake_link_script CMakeFiles/cmTC_6a6ce.dir/link.txt --verbose=1
/usr/bin/c++     -fsigned-char -W -Wall -Werror=return-type -Werror=non-virtual-dtor -Werror=address -Werror=sequence-point -Wformat -Werror=format-security -Winit-self -Wpointer-arith -Wuninitialized -Wsuggest-override -Wno-delete-non-virtual-dtor -Wno-comment -Wimplicit-fallthrough=3 -Wno-strict-overflow -fdiagnostics-show-option -Wno-long-long -pthread -fomit-frame-pointer -ffunction-sections -fdata-sections  -msse -msse2 -msse3 -fvisibility=hidden -fvisibility-inlines-hidden -Wno-deprecated -Wno-missing-declarations -Wno-shadow -Wno-unused-parameter -Wno-unused-local-typedefs -Wno-sign-compare -Wno-sign-promo -Wno-undef -Wno-ignored-qualifiers -Wno-extra -Wno-unused-function -Wno-unused-const-variable -Wno-invalid-offsetof  -O3 -DNDEBUG  -DNDEBUG    -Wl,--gc-sections -Wl,--as-needed  -rdynamic CMakeFiles/cmTC_6a6ce.dir/src.cxx.o  -o cmTC_6a6ce 
make[1]: Leaving directory '/home/user/ptz-tracker/build/CMakeFiles/CMakeTmp'

===== END =====

Build output check failed:
    Regex: 'unrecognized .*option'
    Output line: 'cc1plus: warning: unrecognized command line option ‘-Wno-inconsistent-missing-override’'
Compilation failed:
    source file: '/home/user/ptz-tracker/build/CMakeFiles/CMakeTmp/src.cxx'
    check option: ' -Wno-inconsistent-missing-override'
===== BUILD LOG =====
Change Dir: /home/user/ptz-tracker/build/CMakeFiles/CMakeTmp

Run Build Command:"/usr/bin/make" "cmTC_a075f/fast"
/usr/bin/make -f CMakeFiles/cmTC_a075f.dir/build.make CMakeFiles/cmTC_a075f.dir/build
make[1]: Entering directory '/home/user/ptz-tracker/build/CMakeFiles/CMakeTmp'
Building CXX object CMakeFiles/cmTC_a075f.dir/src.cxx.o
/usr/bin/c++    -fsigned-char -W -Wall -Werror=return-type -Werror=non-virtual-dtor -Werror=address -Werror=sequence-point -Wformat -Werror=format-security -Winit-self -Wpointer-arith -Wuninitialized -Wno-delete-non-virtual-dtor -Wno-comment -Wimplicit-fallthrough=3 -Wno-strict-overflow -fdiagnostics-show-option -Wno-long-long -pthread -fomit-frame-pointer -ffunction-sections -fdata-sections  -msse -msse2 -msse3 -fvisibility=hidden -fvisibility-inlines-hidden -Wno-deprecated -Wno-missing-declarations -Wno-shadow -Wno-unused-parameter -Wno-unused-local-typedefs -Wno-sign-compare -Wno-sign-promo -Wno-undef -Wno-ignored-qualifiers -Wno-extra -Wno-unused-function -Wno-unused-const-variable -Wno-invalid-offsetof -Wno-suggest-override  -O3 -DNDEBUG  -DNDEBUG -fPIE   -Wno-inconsistent-missing-override -o CMakeFiles/cmTC_a075f.dir/src.cxx.o -c /home/user/ptz-tracker/build/CMakeFiles/CMakeTmp/src.cxx
/home/user/ptz-tracker/build/CMakeFiles/CMakeTmp/src.cxx:1:0: warning: ignoring #pragma   [-Wunknown-pragmas]
 #pragma
 
cc1plus: warning: unrecognized command line option ‘-Wno-inconsistent-missing-override’
Linking CXX executable cmTC_a075f
/usr/bin/cmake -E cmake_link_script CMakeFiles/cmTC_a075f.dir/link.txt --verbose=1
/usr/bin/c++     -fsigned-char -W -Wall -Werror=return-type -Werror=non-virtual-dtor -Werror=address -Werror=sequence-point -Wformat -Werror=format-security -Winit-self -Wpointer-arith -Wuninitialized -Wno-delete-non-virtual-dtor -Wno-comment -Wimplicit-fallthrough=3 -Wno-strict-overflow -fdiagnostics-show-option -Wno-long-long -pthread -fomit-frame-pointer -ffunction-sections -fdata-sections  -msse -msse2 -msse3 -fvisibility=hidden -fvisibility-inlines-hidden -Wno-deprecated -Wno-missing-declarations -Wno-shadow -Wno-unused-parameter -Wno-unused-local-typedefs -Wno-sign-compare -Wno-sign-promo -Wno-undef -Wno-ignored-qualifiers -Wno-extra -Wno-unused-function -Wno-unused-const-variable -Wno-invalid-offsetof -Wno-suggest-override  -O3 -DNDEBUG  -DNDEBUG    -Wl,--gc-sections -Wl,--as-needed  -rdynamic CMakeFiles/cmTC_a075f.dir/src.cxx.o  -o cmTC_a075f 
make[1]: Leaving directory '/home/user/ptz-tracker/build/CMakeFiles/CMakeTmp'

===== END =====

Build output check failed:
    Regex: 'unrecognized .*option'
    Output line: 'cc1plus: warning: unrecognized command line option ‘-Wno-unused-private-field’'
Compilation failed:
    source file: '/home/user/ptz-tracker/build/CMakeFiles/CMakeTmp/src.cxx'
    check option: ' -Wno-unused-private-field'
===== BUILD LOG =====
Change Dir: /home/user/ptz-tracker/build/CMakeFiles/CMakeTmp

Run Build Command:"/usr/bin/make" "cmTC_aeb8b/fast"
/usr/bin/make -f CMakeFiles/cmTC_aeb8b.dir/build.make CMakeFiles/cmTC_aeb8b.dir/build
make[1]: Entering directory '/home/user/ptz-tracker/build/CMakeFiles/CMakeTmp'
Building CXX object CMakeFiles/cmTC_aeb8b.dir/src.cxx.o
/usr/bin/c++    -fsigned-char -W -Wall -Werror=return-type -Werror=non-virtual-dtor -Werror=address -Werror=sequence-point -Wformat -Werror=format-security -Wmissing-declarations -Wundef -Winit-self -Wpointer-arith -Wshadow -Wsign-promo -Wuninitialized -Wsuggest-override -Wno-delete-non-virtual-dtor -Wno-comment -Wimplicit-fallthrough=3 -Wno-strict-overflow -fdiagnostics-show-option -Wno-long-long -pthread -fomit-frame-pointer -ffunction-sections -fdata-sections  -msse -msse2 -msse3 -fvisibility=hidden -fvisibility-inlines-hidden -Wno-unused-function -Wno-deprecated-declarations -Wno-overloaded-virtual  -O3 -DNDEBUG  -DNDEBUG -fPIE   -Wno-unused-private-field -o CMakeFiles/cmTC_aeb8b.dir/src.cxx.o -c /home/user/ptz-tracker/build/CMakeFiles/CMakeTmp/src.cxx
/home/user/ptz-tracker/build/CMakeFiles/CMakeTmp/src.cxx:1:0: warning: ignoring #pragma   [-Wunknown-pragmas]
 #pragma
 
cc1plus: warning: unrecognized command line option ‘-Wno-unused-private-field’
Linking CXX executable cmTC_aeb8b
/usr/bin/cmake -E cmake_link_script CMakeFiles/cmTC_aeb8b.dir/link.txt --verbose=1
/usr/bin/c++     -fsigned-char -W -Wall -Werror=return-type -Werror=non-virtual-dtor -Werror=address -Werror=sequence-point -Wformat -Werror=format-security -Wmissing-declarations -Wundef -Winit-self -Wpointer-arith -Wshadow -Wsign-promo -Wuninitialized -Wsuggest-override -Wno-delete-non-virtual-dtor -Wno-comment -Wimplicit-fallthrough=3 -Wno-strict-overflow -fdiagnostics-show-option -Wno-long-long -pthread -fomit-frame-pointer -ffunction-sections -fdata-sections  -msse -msse2 -msse3 -fvisibility=hidden -fvisibility-inlines-hidden -Wno-unused-function -Wno-deprecated-declarations -Wno-overloaded-virtual  -O3 -DNDEBUG  -DNDEBUG    -Wl,--gc-sections -Wl,--as-needed  -rdynamic CMakeFiles/cmTC_aeb8b.dir/src.cxx.o  -o cmTC_aeb8b 
make[1]: Leaving directory '/home/user/ptz-tracker/build/CMakeFiles/CMakeTmp'

===== END =====

